Flutter crash report; please file at https://github.com/flutter/flutter/issues.

## command

flutter build bundle --suppress-analytics --target E:\GitHub\Flutter\myapp\flutter_action\lib\main.dart --preview-dart-2 --depfile E:\GitHub\Flutter\myapp\flutter_action\build\app\intermediates\flutter\debug/snapshot_blob.bin.d --asset-dir E:\GitHub\Flutter\myapp\flutter_action\build\app\intermediates\flutter\debug/flutter_assets

## exception

FileSystemException: FileSystemException: Exists failed, path = 'E:\GitHub\Flutter\myapp\flutter_action\build\app\intermediates\flutter\debug/flutter_assets' (OS Error: 拒绝访问。
, errno = 5)

```
#0      _Directory.existsSync (dart:io/directory_impl.dart:101)
#1      _Directory.createSync (dart:io/directory_impl.dart:133)
#2      LocalFileSystemEntity&ForwardingDirectory.createSync (package:file/src/forwarding/forwarding_directory.dart:22)
#3      writeBundle (package:flutter_tools/src/bundle.dart:184)
<asynchronous suspension>
#4      assemble (package:flutter_tools/src/bundle.dart:176)
<asynchronous suspension>
#5      build (package:flutter_tools/src/bundle.dart:109)
<asynchronous suspension>
#6      BuildBundleCommand.runCommand (package:flutter_tools/src/commands/build_bundle.dart:72)
<asynchronous suspension>
#7      FlutterCommand.verifyThenRunCommand (package:flutter_tools/src/runner/flutter_command.dart:344)
<asynchronous suspension>
#8      FlutterCommand.run.<anonymous closure> (package:flutter_tools/src/runner/flutter_command.dart:279)
<asynchronous suspension>
#9      AppContext.run.<anonymous closure> (package:flutter_tools/src/base/context.dart:142)
<asynchronous suspension>
#10     _rootRun (dart:async/zone.dart:1126)
#11     _CustomZone.run (dart:async/zone.dart:1023)
#12     runZoned (dart:async/zone.dart:1501)
#13     AppContext.run (package:flutter_tools/src/base/context.dart:141)
<asynchronous suspension>
#14     FlutterCommand.run (package:flutter_tools/src/runner/flutter_command.dart:270)
#15     CommandRunner.runCommand (package:args/command_runner.dart:194)
<asynchronous suspension>
#16     FlutterCommandRunner.runCommand.<anonymous closure> (package:flutter_tools/src/runner/flutter_command_runner.dart:309)
<asynchronous suspension>
#17     AppContext.run.<anonymous closure> (package:flutter_tools/src/base/context.dart:142)
<asynchronous suspension>
#18     _rootRun (dart:async/zone.dart:1126)
#19     _CustomZone.run (dart:async/zone.dart:1023)
#20     runZoned (dart:async/zone.dart:1501)
#21     AppContext.run (package:flutter_tools/src/base/context.dart:141)
<asynchronous suspension>
#22     FlutterCommandRunner.runCommand (package:flutter_tools/src/runner/flutter_command_runner.dart:265)
<asynchronous suspension>
#23     CommandRunner.run.<anonymous closure> (package:args/command_runner.dart:109)
#24     new Future.sync (dart:async/future.dart:222)
#25     CommandRunner.run (package:args/command_runner.dart:109)
#26     FlutterCommandRunner.run (package:flutter_tools/src/runner/flutter_command_runner.dart:174)
#27     run.<anonymous closure> (package:flutter_tools/runner.dart:59)
<asynchronous suspension>
#28     AppContext.run.<anonymous closure> (package:flutter_tools/src/base/context.dart:142)
<asynchronous suspension>
#29     _rootRun (dart:async/zone.dart:1126)
#30     _CustomZone.run (dart:async/zone.dart:1023)
#31     runZoned (dart:async/zone.dart:1501)
#32     AppContext.run (package:flutter_tools/src/base/context.dart:141)
<asynchronous suspension>
#33     runInContext (package:flutter_tools/src/context_runner.dart:43)
<asynchronous suspension>
#34     run (package:flutter_tools/runner.dart:50)
#35     main (package:flutter_tools/executable.dart:49)
<asynchronous suspension>
#36     main (file:///E:/b/build/slave/Windows_Flutter_Packaging/build/archive/flutter/packages/flutter_tools/bin/flutter_tools.dart:8)
#37     _startIsolate.<anonymous closure> (dart:isolate-patch/dart:isolate/isolate_patch.dart:277)
#38     _RawReceivePortImpl._handleMessage (dart:isolate-patch/dart:isolate/isolate_patch.dart:165)
```

## flutter doctor

```
encountered exception: Exception: Android sdkmanager tool not found (F:\adt-bundle-windows-x86-20131030\sdk\tools\bin\sdkmanager).
Try re-installing or updating your Android SDK,
visit https://flutter.io/setup/#android-setup for detailed instructions.

#0      throwToolExit (package:flutter_tools/src/base/common.dart:28)
#1      AndroidWorkflow._ensureCanRunSdkManager (package:flutter_tools/src/android/android_workflow.dart:253)
#2      AndroidWorkflow.licensesAccepted (package:flutter_tools/src/android/android_workflow.dart:191)
<asynchronous suspension>
#3      AndroidWorkflow.validate (package:flutter_tools/src/android/android_workflow.dart:152)
<asynchronous suspension>
#4      Doctor.startValidatorTasks (package:flutter_tools/src/doctor.dart:88)
#5      Doctor.diagnose (package:flutter_tools/src/doctor.dart:145)
<asynchronous suspension>
#6      _doctorText.<anonymous closure> (package:flutter_tools/runner.dart:194)
#7      AppContext.run.<anonymous closure> (package:flutter_tools/src/base/context.dart:142)
<asynchronous suspension>
#8      _rootRun (dart:async/zone.dart:1126)
#9      _CustomZone.run (dart:async/zone.dart:1023)
#10     runZoned (dart:async/zone.dart:1501)
#11     AppContext.run (package:flutter_tools/src/base/context.dart:141)
<asynchronous suspension>
#12     _doctorText (package:flutter_tools/runner.dart:193)
<asynchronous suspension>
#13     _createLocalCrashReport (package:flutter_tools/runner.dart:171)
<asynchronous suspension>
#14     _handleToolError (package:flutter_tools/runner.dart:126)
<asynchronous suspension>
#15     run.<anonymous closure> (package:flutter_tools/runner.dart:63)
<asynchronous suspension>
#16     AppContext.run.<anonymous closure> (package:flutter_tools/src/base/context.dart:142)
<asynchronous suspension>
#17     _rootRun (dart:async/zone.dart:1126)
#18     _CustomZone.run (dart:async/zone.dart:1023)
#19     runZoned (dart:async/zone.dart:1501)
#20     AppContext.run (package:flutter_tools/src/base/context.dart:141)
<asynchronous suspension>
#21     runInContext (package:flutter_tools/src/context_runner.dart:43)
<asynchronous suspension>
#22     run (package:flutter_tools/runner.dart:50)
#23     main (package:flutter_tools/executable.dart:49)
<asynchronous suspension>
#24     main (file:///E:/b/build/slave/Windows_Flutter_Packaging/build/archive/flutter/packages/flutter_tools/bin/flutter_tools.dart:8)
#25     _startIsolate.<anonymous closure> (dart:isolate-patch/dart:isolate/isolate_patch.dart:277)
#26     _RawReceivePortImpl._handleMessage (dart:isolate-patch/dart:isolate/isolate_patch.dart:165)
```
